<?xml version="1.0" encoding="UTF-8"?>
<!-- Generated by org.testng.reporters.JUnitXMLReporter -->
<testsuite ignored="9" hostname="ANKIT-SYS" failures="1" tests="1" name="Default test" time="13.916" errors="0" timestamp="10 Feb 2025 14:28:56 GMT">
  <testcase classname="practiceAutomation.AutomationPrac" name="waitConcept" time="10.215">
    <failure type="org.openqa.selenium.TimeoutException" message="Expected condition failed: waiting for number of elements found by By.tagName: a to be &amp;quot;28&amp;quot;. Current number: &amp;quot;27&amp;quot; (tried for 10 second(s) with 500 milliseconds interval)
Build info: version: &amp;apos;4.12.0&amp;apos;, revision: &amp;apos;249f2a7d1b*&amp;apos;
System info: os.name: &amp;apos;Windows 11&amp;apos;, os.arch: &amp;apos;amd64&amp;apos;, os.version: &amp;apos;10.0&amp;apos;, java.version: &amp;apos;17.0.2&amp;apos;
Driver info: org.openqa.selenium.chrome.ChromeDriver
Capabilities {acceptInsecureCerts: false, browserName: chrome, browserVersion: 132.0.6834.160, chrome: {chromedriverVersion: 132.0.6834.159 (2d77d3fc445..., userDataDir: C:\Users\Ankit\AppData\Loca...}, fedcm:accounts: true, goog:chromeOptions: {debuggerAddress: localhost:53395}, networkConnectionEnabled: false, pageLoadStrategy: normal, platformName: windows, proxy: Proxy(), se:cdp: ws://localhost:53395/devtoo..., se:cdpVersion: 132.0.6834.160, setWindowRect: true, strictFileInteractability: false, timeouts: {implicit: 0, pageLoad: 300000, script: 30000}, unhandledPromptBehavior: dismiss and notify, webauthn:extension:credBlob: true, webauthn:extension:largeBlob: true, webauthn:extension:minPinLength: true, webauthn:extension:prf: true, webauthn:virtualAuthenticators: true}
Session ID: d3dffe45945ec16ca9d933afb48eca79">
      <![CDATA[org.openqa.selenium.TimeoutException: Expected condition failed: waiting for number of elements found by By.tagName: a to be "28". Current number: "27" (tried for 10 second(s) with 500 milliseconds interval)
Build info: version: '4.12.0', revision: '249f2a7d1b*'
System info: os.name: 'Windows 11', os.arch: 'amd64', os.version: '10.0', java.version: '17.0.2'
Driver info: org.openqa.selenium.chrome.ChromeDriver
Capabilities {acceptInsecureCerts: false, browserName: chrome, browserVersion: 132.0.6834.160, chrome: {chromedriverVersion: 132.0.6834.159 (2d77d3fc445..., userDataDir: C:\Users\Ankit\AppData\Loca...}, fedcm:accounts: true, goog:chromeOptions: {debuggerAddress: localhost:53395}, networkConnectionEnabled: false, pageLoadStrategy: normal, platformName: windows, proxy: Proxy(), se:cdp: ws://localhost:53395/devtoo..., se:cdpVersion: 132.0.6834.160, setWindowRect: true, strictFileInteractability: false, timeouts: {implicit: 0, pageLoad: 300000, script: 30000}, unhandledPromptBehavior: dismiss and notify, webauthn:extension:credBlob: true, webauthn:extension:largeBlob: true, webauthn:extension:minPinLength: true, webauthn:extension:prf: true, webauthn:virtualAuthenticators: true}
Session ID: d3dffe45945ec16ca9d933afb48eca79
at org.openqa.selenium.support.ui.WebDriverWait.timeoutException(WebDriverWait.java:84)
at org.openqa.selenium.support.ui.FluentWait.until(FluentWait.java:230)
at practiceAutomation.AutomationPrac.waitConcept(AutomationPrac.java:186)
at java.base/jdk.internal.reflect.NativeMethodAccessorImpl.invoke0(Native Method)
at java.base/jdk.internal.reflect.NativeMethodAccessorImpl.invoke(NativeMethodAccessorImpl.java:77)
at java.base/jdk.internal.reflect.DelegatingMethodAccessorImpl.invoke(DelegatingMethodAccessorImpl.java:43)
at java.base/java.lang.reflect.Method.invoke(Method.java:568)
at org.testng.internal.MethodInvocationHelper.invokeMethod(MethodInvocationHelper.java:124)
at org.testng.internal.Invoker.invokeMethod(Invoker.java:583)
at org.testng.internal.Invoker.invokeTestMethod(Invoker.java:719)
at org.testng.internal.Invoker.invokeTestMethods(Invoker.java:989)
at org.testng.internal.TestMethodWorker.invokeTestMethods(TestMethodWorker.java:125)
at org.testng.internal.TestMethodWorker.run(TestMethodWorker.java:109)
at org.testng.TestRunner.privateRun(TestRunner.java:648)
at org.testng.TestRunner.run(TestRunner.java:505)
at org.testng.SuiteRunner.runTest(SuiteRunner.java:455)
at org.testng.SuiteRunner.runSequentially(SuiteRunner.java:450)
at org.testng.SuiteRunner.privateRun(SuiteRunner.java:415)
at org.testng.SuiteRunner.run(SuiteRunner.java:364)
at org.testng.SuiteRunnerWorker.runSuite(SuiteRunnerWorker.java:52)
at org.testng.SuiteRunnerWorker.run(SuiteRunnerWorker.java:84)
at org.testng.TestNG.runSuitesSequentially(TestNG.java:1208)
at org.testng.TestNG.runSuitesLocally(TestNG.java:1137)
at org.testng.TestNG.runSuites(TestNG.java:1049)
at org.testng.TestNG.run(TestNG.java:1017)
at org.testng.remote.AbstractRemoteTestNG.run(AbstractRemoteTestNG.java:115)
at org.testng.remote.RemoteTestNG.initAndRun(RemoteTestNG.java:251)
at org.testng.remote.RemoteTestNG.main(RemoteTestNG.java:77)
]]>
    </failure>
  </testcase> <!-- waitConcept -->
  <testcase classname="practiceAutomation.AutomationPrac" name="switchToalertExample" time="0.0">
    <ignored/>
  </testcase> <!-- switchToalertExample -->
  <testcase classname="practiceAutomation.AutomationPrac" name="webTableExample" time="0.0">
    <ignored/>
  </testcase> <!-- webTableExample -->
  <testcase classname="practiceAutomation.AutomationPrac" name="dropdownExample" time="0.0">
    <ignored/>
  </testcase> <!-- dropdownExample -->
  <testcase classname="practiceAutomation.AutomationPrac" name="suggesstionClassExample" time="0.0">
    <ignored/>
  </testcase> <!-- suggesstionClassExample -->
  <testcase classname="practiceAutomation.AutomationPrac" name="switchWindowExample" time="0.0">
    <ignored/>
  </testcase> <!-- switchWindowExample -->
  <testcase classname="practiceAutomation.AutomationPrac" name="radioBtn" time="0.0">
    <ignored/>
  </testcase> <!-- radioBtn -->
  <testcase classname="practiceAutomation.AutomationPrac" name="mosueHoverExample" time="0.0">
    <ignored/>
  </testcase> <!-- mosueHoverExample -->
  <testcase classname="practiceAutomation.AutomationPrac" name="excelIntegerationExample" time="0.0">
    <ignored/>
  </testcase> <!-- excelIntegerationExample -->
  <testcase classname="practiceAutomation.AutomationPrac" name="screenshotExample" time="0.0">
    <ignored/>
  </testcase> <!-- screenshotExample -->
</testsuite> <!-- Default test -->
